<?xml version="1.0" encoding="UTF-8"?>
<testsuite xmlns:xsi="http://www.w3.org/2001/XMLSchema-instance" xsi:noNamespaceSchemaLocation="https://maven.apache.org/surefire/maven-surefire-plugin/xsd/surefire-test-report-3.0.xsd" version="3.0" name="dev.ammon.movies.MoviesApplicationTests" time="22.731" tests="1" errors="0" skipped="0" failures="0">
  <properties>
[...]
</properties>
  <testcase name="contextLoads" classname="dev.ammon.movies.MoviesApplicationTests" time="7.586">
    <system-out><![CDATA[17:14:29.750 [main] INFO org.springframework.test.context.support.AnnotationConfigContextLoaderUtils -- Could not detect default configuration classes for test class [dev.ammon.movies.MoviesApplicationTests]: MoviesApplicationTests does not declare any static, non-private, non-final, nested classes annotated with @Configuration.
17:14:30.668 [main] INFO org.springframework.boot.test.context.SpringBootTestContextBootstrapper -- Found @SpringBootConfiguration dev.ammon.movies.MoviesApplication for test class dev.ammon.movies.MoviesApplicationTests

  .   ____          _            __ _ _
 /\\ / ___'_ __ _ _(_)_ __  __ _ \ \ \ \
( ( )\___ | '_ | '_| | '_ \/ _` | \ \ \ \
 \\/  ___)| |_)| | | | | || (_| |  ) ) ) )
  '  |____| .__|_| |_|_| |_\__, | / / / /
 =========|_|==============|___/=/_/_/_/
 :: Spring Boot ::                (v3.1.0)

2023-06-14T17:14:32.434-06:00  INFO 18708 --- [           main] m.p.springdotenv.DotenvPropertySource    : Initializing Dotenv with DotenvConfig{directory=null, filename=null, ignoreIfMalformed=false, ignoreIfMissing=true, systemProperties=false, prefix=null}
2023-06-14T17:14:32.475-06:00  INFO 18708 --- [           main] d.ammon.movies.MoviesApplicationTests    : Starting MoviesApplicationTests using Java 19.0.2 with PID 18708 (started by Ammon Q in C:\Users\Ammon Q\OneDrive\Desktop\movies)
2023-06-14T17:14:32.476-06:00  INFO 18708 --- [           main] d.ammon.movies.MoviesApplicationTests    : No active profile set, falling back to 1 default profile: "default"
2023-06-14T17:14:34.633-06:00  INFO 18708 --- [           main] .s.d.r.c.RepositoryConfigurationDelegate : Bootstrapping Spring Data MongoDB repositories in DEFAULT mode.
2023-06-14T17:14:34.731-06:00  INFO 18708 --- [           main] .s.d.r.c.RepositoryConfigurationDelegate : Finished Spring Data repository scanning in 94 ms. Found 2 MongoDB repository interfaces.
2023-06-14T17:14:37.699-06:00  INFO 18708 --- [           main] org.mongodb.driver.client                : MongoClient with metadata {"driver": {"name": "mongo-java-driver|sync|spring-boot", "version": "4.9.1"}, "os": {"type": "Windows", "name": "Windows 11", "architecture": "amd64", "version": "10.0"}, "platform": "Java/Oracle Corporation/19.0.2+7-44"} created with settings MongoClientSettings{readPreference=primary, writeConcern=WriteConcern{w=null, wTimeout=null ms, journal=null}, retryWrites=true, retryReads=true, readConcern=ReadConcern{level=null}, credential=MongoCredential{mechanism=null, userName='niiquash', source='admin', password=<hidden>, mechanismProperties=<hidden>}, streamFactoryFactory=null, commandListeners=[], codecRegistry=ProvidersCodecRegistry{codecProviders=[ValueCodecProvider{}, BsonValueCodecProvider{}, DBRefCodecProvider{}, DBObjectCodecProvider{}, DocumentCodecProvider{}, CollectionCodecProvider{}, IterableCodecProvider{}, MapCodecProvider{}, GeoJsonCodecProvider{}, GridFSFileCodecProvider{}, Jsr310CodecProvider{}, JsonObjectCodecProvider{}, BsonCodecProvider{}, EnumCodecProvider{}, com.mongodb.client.model.mql.ExpressionCodecProvider@6e0e5dec, com.mongodb.Jep395RecordCodecProvider@48a663e9]}, loggerSettings=LoggerSettings{maxDocumentLength=1000}, clusterSettings={hosts=[127.0.0.1:27017], srvHost=cluster0.i8egq2j.mongodb.net, srvServiceName=mongodb, mode=MULTIPLE, requiredClusterType=REPLICA_SET, requiredReplicaSetName='atlas-3k6xs7-shard-0', serverSelector='null', clusterListeners='[]', serverSelectionTimeout='30000 ms', localThreshold='30000 ms'}, socketSettings=SocketSettings{connectTimeoutMS=10000, readTimeoutMS=0, receiveBufferSize=0, sendBufferSize=0}, heartbeatSocketSettings=SocketSettings{connectTimeoutMS=10000, readTimeoutMS=10000, receiveBufferSize=0, sendBufferSize=0}, connectionPoolSettings=ConnectionPoolSettings{maxSize=100, minSize=0, maxWaitTimeMS=120000, maxConnectionLifeTimeMS=0, maxConnectionIdleTimeMS=0, maintenanceInitialDelayMS=0, maintenanceFrequencyMS=60000, connectionPoolListeners=[], maxConnecting=2}, serverSettings=ServerSettings{heartbeatFrequencyMS=10000, minHeartbeatFrequencyMS=500, serverListeners='[]', serverMonitorListeners='[]'}, sslSettings=SslSettings{enabled=true, invalidHostNameAllowed=false, context=null}, applicationName='null', compressorList=[], uuidRepresentation=JAVA_LEGACY, serverApi=null, autoEncryptionSettings=null, contextProvider=null}
2023-06-14T17:14:38.450-06:00  INFO 18708 --- [q2j.mongodb.net] org.mongodb.driver.cluster               : Adding discovered server ac-bkdrxfg-shard-00-01.i8egq2j.mongodb.net:27017 to client view of cluster
2023-06-14T17:14:38.931-06:00  INFO 18708 --- [q2j.mongodb.net] org.mongodb.driver.cluster               : Adding discovered server ac-bkdrxfg-shard-00-00.i8egq2j.mongodb.net:27017 to client view of cluster
2023-06-14T17:14:38.932-06:00  INFO 18708 --- [q2j.mongodb.net] org.mongodb.driver.cluster               : Adding discovered server ac-bkdrxfg-shard-00-02.i8egq2j.mongodb.net:27017 to client view of cluster
2023-06-14T17:14:42.667-06:00  INFO 18708 --- [ngodb.net:27017] org.mongodb.driver.cluster               : Monitor thread successfully connected to server with description ServerDescription{address=ac-bkdrxfg-shard-00-00.i8egq2j.mongodb.net:27017, type=REPLICA_SET_SECONDARY, state=CONNECTED, ok=true, minWireVersion=0, maxWireVersion=17, maxDocumentSize=16777216, logicalSessionTimeoutMinutes=30, roundTripTimeNanos=747789600, setName='atlas-3k6xs7-shard-0', canonicalAddress=ac-bkdrxfg-shard-00-00.i8egq2j.mongodb.net:27017, hosts=[ac-bkdrxfg-shard-00-02.i8egq2j.mongodb.net:27017, ac-bkdrxfg-shard-00-00.i8egq2j.mongodb.net:27017, ac-bkdrxfg-shard-00-01.i8egq2j.mongodb.net:27017], passives=[], arbiters=[], primary='ac-bkdrxfg-shard-00-02.i8egq2j.mongodb.net:27017', tagSet=TagSet{[Tag{name='nodeType', value='ELECTABLE'}, Tag{name='provider', value='AWS'}, Tag{name='region', value='US_EAST_1'}, Tag{name='workloadType', value='OPERATIONAL'}]}, electionId=null, setVersion=7, topologyVersion=TopologyVersion{processId=6471023c0332aec687d0f0d8, counter=8}, lastWriteDate=Wed Jun 14 17:14:42 MDT 2023, lastUpdateTimeNanos=51626673272000}
2023-06-14T17:14:42.667-06:00  INFO 18708 --- [ngodb.net:27017] org.mongodb.driver.cluster               : Monitor thread successfully connected to server with description ServerDescription{address=ac-bkdrxfg-shard-00-01.i8egq2j.mongodb.net:27017, type=REPLICA_SET_SECONDARY, state=CONNECTED, ok=true, minWireVersion=0, maxWireVersion=17, maxDocumentSize=16777216, logicalSessionTimeoutMinutes=30, roundTripTimeNanos=748102400, setName='atlas-3k6xs7-shard-0', canonicalAddress=ac-bkdrxfg-shard-00-01.i8egq2j.mongodb.net:27017, hosts=[ac-bkdrxfg-shard-00-02.i8egq2j.mongodb.net:27017, ac-bkdrxfg-shard-00-00.i8egq2j.mongodb.net:27017, ac-bkdrxfg-shard-00-01.i8egq2j.mongodb.net:27017], passives=[], arbiters=[], primary='ac-bkdrxfg-shard-00-02.i8egq2j.mongodb.net:27017', tagSet=TagSet{[Tag{name='nodeType', value='ELECTABLE'}, Tag{name='provider', value='AWS'}, Tag{name='region', value='US_EAST_1'}, Tag{name='workloadType', value='OPERATIONAL'}]}, electionId=null, setVersion=7, topologyVersion=TopologyVersion{processId=647104a7c5ebb0cfcf41be71, counter=8}, lastWriteDate=Wed Jun 14 17:14:42 MDT 2023, lastUpdateTimeNanos=51626673553400}
2023-06-14T17:14:42.667-06:00  INFO 18708 --- [ngodb.net:27017] org.mongodb.driver.cluster               : Monitor thread successfully connected to server with description ServerDescription{address=ac-bkdrxfg-shard-00-02.i8egq2j.mongodb.net:27017, type=REPLICA_SET_PRIMARY, state=CONNECTED, ok=true, minWireVersion=0, maxWireVersion=17, maxDocumentSize=16777216, logicalSessionTimeoutMinutes=30, roundTripTimeNanos=747789900, setName='atlas-3k6xs7-shard-0', canonicalAddress=ac-bkdrxfg-shard-00-02.i8egq2j.mongodb.net:27017, hosts=[ac-bkdrxfg-shard-00-02.i8egq2j.mongodb.net:27017, ac-bkdrxfg-shard-00-00.i8egq2j.mongodb.net:27017, ac-bkdrxfg-shard-00-01.i8egq2j.mongodb.net:27017], passives=[], arbiters=[], primary='ac-bkdrxfg-shard-00-02.i8egq2j.mongodb.net:27017', tagSet=TagSet{[Tag{name='nodeType', value='ELECTABLE'}, Tag{name='provider', value='AWS'}, Tag{name='region', value='US_EAST_1'}, Tag{name='workloadType', value='OPERATIONAL'}]}, electionId=7fffffff000000000000007e, setVersion=7, topologyVersion=TopologyVersion{processId=647b0dc7d7c604d02024c921, counter=7}, lastWriteDate=Wed Jun 14 17:14:42 MDT 2023, lastUpdateTimeNanos=51626673272000}
2023-06-14T17:14:42.677-06:00  INFO 18708 --- [ngodb.net:27017] org.mongodb.driver.cluster               : Discovered replica set primary ac-bkdrxfg-shard-00-02.i8egq2j.mongodb.net:27017 with max election id 7fffffff000000000000007e and max set version 7
2023-06-14T17:14:43.618-06:00  INFO 18708 --- [           main] d.ammon.movies.MoviesApplicationTests    : Started MoviesApplicationTests in 12.129 seconds (process running for 20.388)
]]></system-out>
  </testcase>
</testsuite>